This is pdfTeX, Version 3.14159265-2.6-1.40.15 (TeX Live 2014) (preloaded format=pdflatex 2015.5.18)  13 JUL 2015 17:05
entering extended mode
 \write18 enabled.
 %&-line parsing enabled.
**morgan_cogsci2015-final.tex
(./morgan_cogsci2015-final.tex
LaTeX2e <2014/05/01>
Babel <3.9l> and hyphenation patterns for 79 languages loaded.
(/usr/local/texlive/2014/texmf-dist/tex/latex/base/article.cls
Document Class: article 2014/09/29 v1.4h Standard LaTeX document class
(/usr/local/texlive/2014/texmf-dist/tex/latex/base/size10.clo
File: size10.clo 2014/09/29 v1.4h Standard LaTeX file (size option)
)
\c@part=\count79
\c@section=\count80
\c@subsection=\count81
\c@subsubsection=\count82
\c@paragraph=\count83
\c@subparagraph=\count84
\c@figure=\count85
\c@table=\count86
\abovecaptionskip=\skip41
\belowcaptionskip=\skip42
\bibindent=\dimen102
) (./cogsci.sty
Conference Style for COGSCI -- last modified October 24, 2006
) (/usr/local/texlive/2014/texmf-dist/tex/latex/pslatex/pslatex.sty
Package: pslatex 1996/07/24 v1.2 pslatex emulation (DPC)
LaTeX Font Info:    Redeclaring symbol font `operators' on input line 65.
LaTeX Font Info:    Overwriting symbol font `operators' in version `normal'
(Font)                  OT1/cmr/m/n --> OT1/ptmcm/m/n on input line 65.
LaTeX Font Info:    Overwriting symbol font `operators' in version `bold'
(Font)                  OT1/cmr/bx/n --> OT1/ptmcm/m/n on input line 65.
LaTeX Font Info:    Redeclaring symbol font `letters' on input line 66.
LaTeX Font Info:    Overwriting symbol font `letters' in version `normal'
(Font)                  OML/cmm/m/it --> OML/ptmcm/m/it on input line 66.
LaTeX Font Info:    Overwriting symbol font `letters' in version `bold'
(Font)                  OML/cmm/b/it --> OML/ptmcm/m/it on input line 66.
LaTeX Font Info:    Redeclaring symbol font `symbols' on input line 67.
LaTeX Font Info:    Overwriting symbol font `symbols' in version `normal'
(Font)                  OMS/cmsy/m/n --> OMS/pzccm/m/n on input line 67.
LaTeX Font Info:    Overwriting symbol font `symbols' in version `bold'
(Font)                  OMS/cmsy/b/n --> OMS/pzccm/m/n on input line 67.
LaTeX Font Info:    Redeclaring symbol font `largesymbols' on input line 68.
LaTeX Font Info:    Overwriting symbol font `largesymbols' in version `normal'
(Font)                  OMX/cmex/m/n --> OMX/psycm/m/n on input line 68.
LaTeX Font Info:    Overwriting symbol font `largesymbols' in version `bold'
(Font)                  OMX/cmex/m/n --> OMX/psycm/m/n on input line 68.
\symbold=\mathgroup4
\symitalic=\mathgroup5
LaTeX Font Info:    Redeclaring math alphabet \mathbf on input line 74.
LaTeX Font Info:    Overwriting math alphabet `\mathbf' in version `normal'
(Font)                  OT1/cmr/bx/n --> OT1/ptm/bx/n on input line 74.
LaTeX Font Info:    Overwriting math alphabet `\mathbf' in version `bold'
(Font)                  OT1/cmr/bx/n --> OT1/ptm/bx/n on input line 74.
LaTeX Font Info:    Redeclaring math alphabet \mathit on input line 75.
LaTeX Font Info:    Overwriting math alphabet `\mathit' in version `normal'
(Font)                  OT1/cmr/m/it --> OT1/ptm/m/it on input line 75.
LaTeX Font Info:    Overwriting math alphabet `\mathit' in version `bold'
(Font)                  OT1/cmr/bx/it --> OT1/ptm/m/it on input line 75.
)
(./apacite.sty
Package: apacite 2012/02/25 v6.01 APA citation
\c@BibCnt=\count87
\bibleftmargin=\skip43
\bibindent=\skip44
\bibparsep=\skip45
\bibitemsep=\skip46
\biblabelsep=\skip47
) (/usr/local/texlive/2014/texmf-dist/tex/latex/natbib/natbib.sty
Package: natbib 2010/09/13 8.31b (PWD, AO)
\bibhang=\skip48
\bibsep=\skip49
LaTeX Info: Redefining \cite on input line 694.
\c@NAT@ctr=\count88
)
LaTeX Info: Redefining \BBA on input line 6.
 (/usr/local/texlive/2014/texmf-dist/tex/latex/auto-pst-pdf/auto-pst-pdf.sty
Package: auto-pst-pdf 2009/04/26 v0.6 Wrapper for pst-pdf

(/usr/local/texlive/2014/texmf-dist/tex/generic/oberdiek/ifpdf.sty
Package: ifpdf 2011/01/30 v2.3 Provides the ifpdf switch (HO)
Package ifpdf Info: pdfTeX in PDF mode is detected.
)
(/usr/local/texlive/2014/texmf-dist/tex/latex/xkeyval/xkeyval.sty
Package: xkeyval 2014/12/03 v2.7a package option processing (HA)

(/usr/local/texlive/2014/texmf-dist/tex/generic/xkeyval/xkeyval.tex
(/usr/local/texlive/2014/texmf-dist/tex/generic/xkeyval/xkvutils.tex
\XKV@toks=\toks14
\XKV@tempa@toks=\toks15

(/usr/local/texlive/2014/texmf-dist/tex/generic/xkeyval/keyval.tex))
\XKV@depth=\count89
File: xkeyval.tex 2014/12/03 v2.7a key=value parser (HA)
))
(/usr/local/texlive/2014/texmf-dist/tex/latex/ifplatform/ifplatform.sty
Package: ifplatform 2010/10/22 v0.4 Testing for the operating system

(/usr/local/texlive/2014/texmf-dist/tex/generic/oberdiek/pdftexcmds.sty
Package: pdftexcmds 2011/11/29 v0.20 Utility functions of pdfTeX for LuaTeX (HO
)

(/usr/local/texlive/2014/texmf-dist/tex/generic/oberdiek/infwarerr.sty
Package: infwarerr 2010/04/08 v1.3 Providing info/warning/error messages (HO)
)
(/usr/local/texlive/2014/texmf-dist/tex/generic/oberdiek/ifluatex.sty
Package: ifluatex 2010/03/01 v1.3 Provides the ifluatex switch (HO)
Package ifluatex Info: LuaTeX not detected.
)
(/usr/local/texlive/2014/texmf-dist/tex/generic/oberdiek/ltxcmds.sty
Package: ltxcmds 2011/11/09 v1.22 LaTeX kernel commands for general use (HO)
)
Package pdftexcmds Info: LuaTeX not detected.
Package pdftexcmds Info: \pdf@primitive is available.
Package pdftexcmds Info: \pdf@ifprimitive is available.
Package pdftexcmds Info: \pdfdraftmode found.
)
(/usr/local/texlive/2014/texmf-dist/tex/generic/oberdiek/catchfile.sty
Package: catchfile 2011/03/01 v1.6 Catch the contents of a file (HO)

(/usr/local/texlive/2014/texmf-dist/tex/generic/oberdiek/etexcmds.sty
Package: etexcmds 2011/02/16 v1.5 Avoid name clashes with e-TeX commands (HO)
Package etexcmds Info: Could not find \expanded.
(etexcmds)             That can mean that you are not using pdfTeX 1.50 or
(etexcmds)             that some package has redefined \expanded.
(etexcmds)             In the latter case, load this package earlier.
))
runsystem(uname -s > "morgan_cogsci2015-final.w18")...executed.


(./morgan_cogsci2015-final.w18)
runsystem(rm -- "morgan_cogsci2015-final.w18")...executed.

)
\c@app@runs=\count90
runsystem(echo " ")...executed.

runsystem(echo "-------------------------------------------------")...executed.

runsystem(echo "auto-pst-pdf: Auxiliary LaTeX compilation")...executed.

runsystem(echo "-------------------------------------------------")...executed.

runsystem(rm -- "morgan_cogsci2015-final-pics.pdf")...executed.

runsystem(latex -no-shell-escape -jobname="morgan_cogsci2015-final-autopp" -int
eraction=batchmode  "\let \APPmakepictures \empty \input  morgan_cogsci2015-fin
al.tex")...executed.

runsystem(dvips -Ppdf -o "morgan_cogsci2015-final-autopp.ps" "morgan_cogsci2015
-final-autopp.dvi")...executed.

runsystem(ps2pdf -dAutoRotatePages=/None "morgan_cogsci2015-final-autopp.ps" "m
organ_cogsci2015-final-autopp.pdf")...executed.

runsystem(pdfcrop  "morgan_cogsci2015-final-autopp.pdf" "morgan_cogsci2015-fina
l-pics.pdf")...executed.

runsystem(rm -- "morgan_cogsci2015-final-autopp.log")...executed.

runsystem(rm -- "morgan_cogsci2015-final-autopp.dvi")...executed.

runsystem(rm -- "morgan_cogsci2015-final-autopp.ps")...executed.

runsystem(rm -- "morgan_cogsci2015-final-autopp.pdf")...executed.

runsystem(echo "-------------------------------------------------")...executed.

runsystem(echo "auto-pst-pdf: End auxiliary LaTeX compilation")...executed.

runsystem(echo "-------------------------------------------------")...executed.


(/usr/local/texlive/2014/texmf-dist/tex/latex/pst-pdf/pst-pdf.sty
Package: pst-pdf 2008/10/09 v1.1v PS graphics for pdfLaTeX (RN,HjG)
\c@pspicture=\count91

(/usr/local/texlive/2014/texmf-dist/tex/latex/graphics/graphicx.sty
Package: graphicx 2014/10/28 v1.0g Enhanced LaTeX Graphics (DPC,SPQR)

(/usr/local/texlive/2014/texmf-dist/tex/latex/graphics/graphics.sty
Package: graphics 2014/10/28 v1.0p Standard LaTeX Graphics (DPC,SPQR)

(/usr/local/texlive/2014/texmf-dist/tex/latex/graphics/trig.sty
Package: trig 1999/03/16 v1.09 sin cos tan (DPC)
)
(/usr/local/texlive/2014/texmf-dist/tex/latex/latexconfig/graphics.cfg
File: graphics.cfg 2010/04/23 v1.9 graphics configuration of TeX Live
)
Package graphics Info: Driver file: pdftex.def on input line 91.

(/usr/local/texlive/2014/texmf-dist/tex/latex/pdftex-def/pdftex.def
File: pdftex.def 2011/05/27 v0.06d Graphics/color for pdfTeX
\Gread@gobject=\count92
))
\Gin@req@height=\dimen103
\Gin@req@width=\dimen104
)
Package pst-pdf Info: MODE: 1 (pdfTeX mode) on input line 214.

(/usr/local/texlive/2014/texmf-dist/tex/latex/pstricks/pstricks.sty
Package: pstricks 2013/12/12 v0.60 LaTeX wrapper for `PSTricks' (RN,HV)

(/usr/local/texlive/2014/texmf-dist/tex/generic/pstricks/pstricks.tex
(/usr/local/texlive/2014/texmf-dist/tex/generic/xkeyval/pst-xkey.tex
File: pst-xkey.tex 2005/11/25 v1.6 PSTricks specialization of xkeyval (HA)
)
(/usr/local/texlive/2014/texmf-dist/tex/generic/pstricks/pst-fp.tex
`pst-fp' v0.05, 2010/01/17 (hv)
\pstFP@xs=\count93
\pstFP@xia=\count94
\pstFP@xib=\count95
\pstFP@xfa=\count96
\pstFP@xfb=\count97
\pstFP@rega=\count98
\pstFP@regb=\count99
\pstFP@regs=\count100
\pstFP@times=\count101
)
(/Users/emily/Library/texmf/tex/generic/pgf/generic/pgf/utilities/pgfutil-commo
n.tex
\pgfutil@everybye=\toks16
)
(/Users/emily/Library/texmf/tex/generic/pgf/generic/pgf/utilities/pgfkeys.code.
tex
\pgfkeys@pathtoks=\toks17
\pgfkeys@temptoks=\toks18
)
(/Users/emily/Library/texmf/tex/generic/pgf/generic/pgf/utilities/pgffor.code.t
ex
\pgffor@iter=\dimen105
\pgffor@skip=\dimen106
)
\psLoopIndex=\count102

`PSTricks' v2.60  <2014/10/25> (tvz)
\pst@dima=\dimen107
\pst@dimb=\dimen108
\pst@dimc=\dimen109
\pst@dimd=\dimen110
\pst@dimg=\dimen111
\pst@dimh=\dimen112
\pst@dimm=\dimen113
\pst@dimn=\dimen114
\pst@dimo=\dimen115
\pst@dimp=\dimen116
\pst@hbox=\box26
\pst@ibox=\box27
\pst@boxg=\box28
\pst@cnta=\count103
\pst@cntb=\count104
\pst@cntc=\count105
\pst@cntd=\count106
\pst@cntg=\count107
\pst@cnth=\count108
\pst@cntm=\count109
\pst@cntn=\count110
\pst@cnto=\count111
\pst@cntp=\count112
\@zero=\count113
\pst@toks=\toks19
(/usr/local/texlive/2014/texmf-dist/tex/generic/pstricks/pstricks.con)
\psunit=\dimen117
\psxunit=\dimen118
\psyunit=\dimen119
\pst@C@@rType=\count114
\pslinewidth=\dimen120
\psk@startLW=\dimen121
\psk@endLW=\dimen122
\pst@customdefs=\toks20
\pslinearc=\dimen123
\pst@symbolStep=\dimen124
\pst@symbolWidth=\dimen125
\pst@symbolLinewidth=\dimen126
\everypsbox=\toks21
\psframesep=\dimen127
\pslabelsep=\dimen128
\sh@wgridXunit=\dimen129
\sh@wgridYunit=\dimen130
\pst@shift=\dimen131
)
File: pstricks.tex 2014/10/25 v2.60 `PSTricks' (tvz,hv)

(/usr/local/texlive/2014/texmf-dist/tex/generic/pstricks/pst-fp.tex)
File: pst-fp.tex 2014/10/25 v2.60 `PST-fp' (hv)

(/usr/local/texlive/2014/texmf-dist/tex/latex/xcolor/xcolor.sty
Package: xcolor 2007/01/21 v2.11 LaTeX color extensions (UK)

(/usr/local/texlive/2014/texmf-dist/tex/latex/latexconfig/color.cfg
File: color.cfg 2007/01/18 v1.5 color configuration of teTeX/TeXLive
)
Package xcolor Info: Driver file: pdftex.def on input line 225.
Package xcolor Info: Model `cmy' substituted by `cmy0' on input line 1337.
Package xcolor Info: Model `hsb' substituted by `rgb' on input line 1341.
Package xcolor Info: Model `RGB' extended on input line 1353.
Package xcolor Info: Model `HTML' substituted by `rgb' on input line 1355.
Package xcolor Info: Model `Hsb' substituted by `hsb' on input line 1356.
Package xcolor Info: Model `tHsb' substituted by `hsb' on input line 1357.
Package xcolor Info: Model `HSB' substituted by `hsb' on input line 1358.
Package xcolor Info: Model `Gray' substituted by `gray' on input line 1359.
Package xcolor Info: Model `wave' substituted by `hsb' on input line 1360.
))
\ppf@output=\toks22

(/usr/local/texlive/2014/texmf-dist/tex/latex/preview/preview.sty
Package: preview 2010/02/14 11.88 (AUCTeX/preview-latex)
\pr@snippet=\count115
\pr@box=\box29
\pr@output=\toks23
)
(/usr/local/texlive/2014/texmf-dist/tex/latex/graphics/dvips.def
File: dvips.def 2014/10/14 v3.0j Driver-dependent file (DPC,SPQR)
)
(/usr/local/texlive/2014/texmf-dist/tex/latex/environ/environ.sty
Package: environ 2014/05/04 v0.3 A new way to define environments

(/usr/local/texlive/2014/texmf-dist/tex/latex/trimspaces/trimspaces.sty
Package: trimspaces 2009/09/17 v1.1 Trim spaces around a token list
)
\@envbody=\toks24
)))
(/Users/emily/Library/texmf/tex/latex/com.braju.graphicalmodels.sty
Package: com.braju.graphicalmodels 2000/10/26 PSTricks extensions by Henrik Ben
gtsson <hb@maths.lth.se>

(/Users/emily/Library/texmf/tex/latex/com.braju.pstricks.sty
Package: com.braju.pstricks 2000/12/03 PSTricks extensions by Henrik Bengtsson 
<hb@maths.lth.se>

(/usr/local/texlive/2014/texmf-dist/tex/latex/pstricks/pst-all.sty
Package: pst-all 2008/01/01 the main pstricks tools

(/usr/local/texlive/2014/texmf-dist/tex/latex/pst-plot/pst-plot.sty
Package: pst-plot 2011/06/05 v1.00 LaTeX wrapper for `pst-plot' (HV)

(/usr/local/texlive/2014/texmf-dist/tex/latex/xkeyval/pst-xkey.sty
Package: pst-xkey 2005/11/25 v1.6 package wrapper for pst-xkey.tex (HA)
)
(/usr/local/texlive/2014/texmf-dist/tex/latex/multido/multido.sty
Package: multido 2004/05/17 package wrapper for PSTricks `multido.tex', (HV/RN)


(/usr/local/texlive/2014/texmf-dist/tex/generic/multido/multido.tex
 v1.42, 2010/05/14 <tvz>
\multido@count=\count116
\multidocount=\count117
\multido@stuff=\toks25
)
File: multido.tex 2010/05/14 v1.42 `multido' (tvz,hv)
)
Package: pst-plot 2011/04/13 package wrapper for pst-plot.tex (hv)

(/usr/local/texlive/2014/texmf-dist/tex/generic/pst-plot/pst-plot.tex
(/usr/local/texlive/2014/texmf-dist/tex/generic/pst-tools/pst-tools.tex
`PST-tools' v0.05, 2014/05/12 (hv))  v1.70, 2014/08/23 (tvz,hv)
\pstRadUnit=\dimen132
\pstRadUnitInv=\dimen133
\pst@linecnt=\count118
\RCD@file=\read1
\psxlabelsep=\dimen134
\psylabelsep=\dimen135
\psk@subticksize=\dimen136
\pst@xticksizeA=\dimen137
\pst@xticksizeB=\dimen138
\pst@xticksizeC=\dimen139
\pst@yticksizeA=\dimen140
\pst@yticksizeB=\dimen141
\pst@yticksizeC=\dimen142
\@digitcounter=\count119
\psk@llx=\dimen143
\psk@lly=\dimen144
\psk@urx=\dimen145
\psk@ury=\dimen146
\pst@xunit=\dimen147
\pst@yunit=\dimen148
)
File: pst-plot.tex 2014/08/23 1.70 `pst-plot' (tvz,hv)
)
(/usr/local/texlive/2014/texmf-dist/tex/latex/pst-node/pst-node.sty
Package: pst-node 2012/09/18 v1.01 LaTeX wrapper for `pst-node' (HV)
Package: pst-node 2010/04/22 package wrapper for pst-node.tex

(/usr/local/texlive/2014/texmf-dist/tex/generic/pst-node/pst-node.tex
 v1.35, 2014/08/04
\psrow=\count120
\pscol=\count121
\psmatrixcnt=\count122
\psrowsep=\skip50
\pscolsep=\skip51
\pst@args=\count123
\num@pts=\count124
\pst@argcnt=\count125
)
File: pst-node.tex 2014/08/04 1.35 `pst-node' (tvz,hv)
)
(/usr/local/texlive/2014/texmf-dist/tex/latex/pst-tree/pst-tree.sty
Package: pst-tree 2009/01/25 package wrapper for pst-tree.tex

(/usr/local/texlive/2014/texmf-dist/tex/generic/pst-tree/pst-tree.tex
 v1.12, 2011/02/28(tvz,dg,hv)
\pstree@rootbox=\box30
\pstree@box=\box31
\psnodecnt=\count126
\pstreelevel=\count127
\pstreecnt=\count128
\pstree@cnt=\count129
\pstree@stop=\count130
)
File: pst-tree.tex 2011/02/28 1.12 `pst-tree' (tvz,hv)
)
(/usr/local/texlive/2014/texmf-dist/tex/latex/pst-grad/pst-grad.sty
Package: pst-grad 2004/07/15 package wrapper for pst-grad.tex (hv)

(/usr/local/texlive/2014/texmf-dist/tex/generic/pst-grad/pst-grad.tex
`pst-grad' v1.06, 2006/11/27 (tvz,dg,hv))
File: pst-grad.tex 2006/11/27 1.06 `pst-grad' (tvz)
)
(/usr/local/texlive/2014/texmf-dist/tex/latex/pst-coil/pst-coil.sty
Package: pst-coil 2010/02/01 package wrapper for pst-coil.tex (hv)

(/usr/local/texlive/2014/texmf-dist/tex/generic/pst-coil/pst-coil.tex
 v1.06, 2006/11/27
(/usr/local/texlive/2014/texmf-dist/tex/generic/pst-node/pst-node.tex))
File: pst-coil.tex 2011/09/17 v1.06 `PST-coil' (tvz,hv)
)
(/usr/local/texlive/2014/texmf-dist/tex/latex/pst-text/pst-text.sty
Package: pst-text 2006/01/01 package wrapper for pst-text.tex (hv)

(/usr/local/texlive/2014/texmf-dist/tex/generic/pst-text/pst-text.tex
 v1.00, 2006/11/05(tvz,hv))
File: pst-text.tex 2006/11/05 1.00 `pst-text' (tvz)
)
(/usr/local/texlive/2014/texmf-dist/tex/latex/pst-3d/pst-3d.sty
Package: pst-3d 2009/07/28 package wrapper for pst-3d.tex (hv)

(/usr/local/texlive/2014/texmf-dist/tex/generic/pst-3d/pst-3d.tex
`PST-3d' v1.11, 2010/02/14 (tvz))
File: pst-3d.tex 2010/02/14 v1.11 `PST-3d' (hv)
)
(/usr/local/texlive/2014/texmf-dist/tex/latex/pst-eps/pst-eps.sty
Package: pst-eps 2005/05/20 package wrapper for pst-eps.tex (hv)

(/usr/local/texlive/2014/texmf-dist/tex/generic/pst-eps/pst-eps.tex
 v1.00, 2006/11/04
\pst@epsout=\write3
\pst@tempout=\write4
)
File: pst-eps.tex 2006/11/04 1.00 `pst-eps' (tvz)
)
(/usr/local/texlive/2014/texmf-dist/tex/latex/pst-fill/pst-fill.sty
Package: pst-fill 2005/09/13 package wrapper for pst-fill.tex (hv)

(/usr/local/texlive/2014/texmf-dist/tex/generic/pst-fill/pst-fill.tex
`PST-Fill' v1.01, 2007/03/10 (tvz,dg,hv)
\pst@fillbox=\box32
)
File: pst-fill.tex 2007/03/10 v1.01 `PST-fill' (tvz,dg)
)
(/usr/local/texlive/2014/texmf-dist/tex/latex/pstricks-add/pstricks-add.sty
(/usr/local/texlive/2014/texmf-dist/tex/latex/pst-math/pst-math.sty
Package: pst-math 2014/07/30 package wrapper for PSTricks pst-math.tex

(/usr/local/texlive/2014/texmf-dist/tex/generic/pst-math/pst-math.tex
`pst-math' v0.63 , (CJ,hv))
File: pst-math.tex 2014/07/30 v0.63 `PST-math' (hv)
)
Package: pstricks-add 2010/02/11 v. 0.14 package wrapper for pstricks-add.tex (
hv)

(/usr/local/texlive/2014/texmf-dist/tex/generic/pstricks-add/pstricks-add.tex
`pstricks-add' v3.77, 2014/12/08 (dr,hv)
\psparallelogramsep=\dimen149
\pshooklength=\dimen150
\pshookwidth=\dimen151
\pst@cntC=\count131
\chart@ColorIndex=\dimen152
\chart@ColorStep=\dimen153
\pst@chartHeight=\dimen154
\pst@chartStackDepth=\dimen155
\pst@chartStackWidth=\dimen156
\chart@Toggle=\count132
\psVectorCtr=\count133
)
File: pstricks-add.tex 2014/12/08 v3.77 `PSTricks-add' (hv)
Package pstricks-add Info: Local config file pstricks-add.cfg used on input lin
e 20.

(/usr/local/texlive/2014/texmf-dist/tex/latex/pstricks-add/pstricks-add.cfg
File: pstricks-add.cfg 2005/01/10 v0.1 addtional user stuff (hv)
)))
(/usr/local/texlive/2014/texmf-dist/tex/latex/base/ifthen.sty
Package: ifthen 2014/09/29 v1.1c Standard LaTeX ifthen package (DPC)
)
(/Users/emily/Library/texmf/tex/latex/calc.sty
Package: calc 2007/08/22 v4.3 Infix arithmetic (KKT,FJ)
\calc@Acount=\count134
\calc@Bcount=\count135
\calc@Adimen=\dimen157
\calc@Bdimen=\dimen158
\calc@Askip=\skip52
\calc@Bskip=\skip53
LaTeX Info: Redefining \setlength on input line 76.
LaTeX Info: Redefining \addtolength on input line 77.
\calc@Ccount=\count136
\calc@Cskip=\skip54
)
\pst@Thermometer@width=\skip55
\pst@Thermometer@height=\skip56
)
\GM@x=\skip57
\GM@y=\skip58
\GM@xa=\skip59
\GM@ya=\skip60
\GM@xb=\skip61
\GM@yb=\skip62
\GM@xc=\skip63
\GM@yc=\skip64
\GM@dx=\skip65
\GM@dy=\skip66
\GM@dima=\skip67
\GM@dimb=\skip68
\GM@dimc=\skip69
\c@GM@counta=\count137
\c@GM@countb=\count138
\c@GM@countc=\count139
\GM@nodeSize=\skip70
\GM@offset=\skip71
\c@GM@observed=\count140
\c@GM@query=\count141
)
(/usr/local/texlive/2014/texmf-dist/tex/latex/enumitem/enumitem.sty
Package: enumitem 2011/09/28 v3.5.2 Customized lists
\enitkv@toks@=\toks26
\labelindent=\skip72
\enit@outerparindent=\dimen159
\enit@toks=\toks27
\enit@inbox=\box33
\enitdp@description=\count142
)
(/usr/local/texlive/2014/texmf-dist/tex/latex/subfigure/subfigure.sty
Package: subfigure 2002/03/15 v2.1.5 subfigure package
\subfigtopskip=\skip73
\subfigcapskip=\skip74
\subfigcaptopadj=\dimen160
\subfigbottomskip=\skip75
\subfigcapmargin=\dimen161
\subfiglabelskip=\skip76
\c@subfigure=\count143
\c@lofdepth=\count144
\c@subtable=\count145
\c@lotdepth=\count146

****************************************
* Local config file subfigure.cfg used *
****************************************
(/usr/local/texlive/2014/texmf-dist/tex/latex/subfigure/subfigure.cfg)
\subfig@top=\skip77
\subfig@bottom=\skip78
)
(/usr/local/texlive/2014/texmf-dist/tex/latex/sidecap/sidecap.sty
Package: sidecap 2003/06/06 v1.6f SideCap Package (RN/HjG)
\SC@BOXWD=\dimen162
\SC@CAPWD=\dimen163
\SC@tempdima=\dimen164
\SC@tempdimb=\dimen165
\c@SC@C=\count147
\SC@BOX=\box34
)
(/usr/local/texlive/2014/texmf-dist/tex/latex/amsmath/amsmath.sty
Package: amsmath 2013/01/14 v2.14 AMS math features
\@mathmargin=\skip79

For additional information on amsmath, use the `?' option.
(/usr/local/texlive/2014/texmf-dist/tex/latex/amsmath/amstext.sty
Package: amstext 2000/06/29 v2.01

(/usr/local/texlive/2014/texmf-dist/tex/latex/amsmath/amsgen.sty
File: amsgen.sty 1999/11/30 v2.0
\@emptytoks=\toks28
\ex@=\dimen166
))
(/usr/local/texlive/2014/texmf-dist/tex/latex/amsmath/amsbsy.sty
Package: amsbsy 1999/11/29 v1.2d
\pmbraise@=\dimen167
)
(/usr/local/texlive/2014/texmf-dist/tex/latex/amsmath/amsopn.sty
Package: amsopn 1999/12/14 v2.01 operator names
)
\inf@bad=\count148
LaTeX Info: Redefining \frac on input line 210.
\uproot@=\count149
\leftroot@=\count150
LaTeX Info: Redefining \overline on input line 306.
\classnum@=\count151
\DOTSCASE@=\count152
LaTeX Info: Redefining \ldots on input line 378.
LaTeX Info: Redefining \dots on input line 381.
LaTeX Info: Redefining \cdots on input line 466.
\Mathstrutbox@=\box35
\strutbox@=\box36
\big@size=\dimen168
LaTeX Font Info:    Redeclaring font encoding OML on input line 566.
LaTeX Font Info:    Redeclaring font encoding OMS on input line 567.
\macc@depth=\count153
\c@MaxMatrixCols=\count154
\dotsspace@=\muskip10
\c@parentequation=\count155
\dspbrk@lvl=\count156
\tag@help=\toks29
\row@=\count157
\column@=\count158
\maxfields@=\count159
\andhelp@=\toks30
\eqnshift@=\dimen169
\alignsep@=\dimen170
\tagshift@=\dimen171
\tagwidth@=\dimen172
\totwidth@=\dimen173
\lineht@=\dimen174
\@envbody=\toks31
\multlinegap=\skip80
\multlinetaggap=\skip81
\mathdisplay@stack=\toks32
LaTeX Info: Redefining \[ on input line 2665.
LaTeX Info: Redefining \] on input line 2666.
)
(/usr/local/texlive/2014/texmf-dist/tex/latex/pbox/pbox.sty
Package: pbox 2011/12/07 v1.2 Dynamic parboxes
\pb@xlen=\skip82
)
(./morgan_cogsci2015-final.aux)
\openout1 = `morgan_cogsci2015-final.aux'.

LaTeX Font Info:    Checking defaults for OML/cmm/m/it on input line 31.
LaTeX Font Info:    ... okay on input line 31.
LaTeX Font Info:    Checking defaults for T1/cmr/m/n on input line 31.
LaTeX Font Info:    ... okay on input line 31.
LaTeX Font Info:    Checking defaults for OT1/cmr/m/n on input line 31.
LaTeX Font Info:    ... okay on input line 31.
LaTeX Font Info:    Checking defaults for OMS/pzccm/m/n on input line 31.
LaTeX Font Info:    Try loading font information for OMS+pzccm on input line 31
.

(/usr/local/texlive/2014/texmf-dist/tex/latex/psnfss/omspzccm.fd
File: omspzccm.fd 2000/01/03 Fontinst v1.801 font definitions for OMS/pzccm.
)
LaTeX Font Info:    ... okay on input line 31.
LaTeX Font Info:    Checking defaults for OMX/cmex/m/n on input line 31.
LaTeX Font Info:    ... okay on input line 31.
LaTeX Font Info:    Checking defaults for U/cmr/m/n on input line 31.
LaTeX Font Info:    ... okay on input line 31.
\c@maskedRefs=\count160

(/usr/local/texlive/2014/texmf-dist/tex/latex/apacite/english.apc
File: english.apc 2013/07/21 v6.03 apacite language file
LaTeX Info: Redefining \BPBI on input line 129.
LaTeX Info: Redefining \BHBI on input line 130.
)
(/usr/local/texlive/2014/texmf-dist/tex/context/base/supp-pdf.mkii
[Loading MPS to PDF converter (version 2006.09.02).]
\scratchcounter=\count161
\scratchdimen=\dimen175
\scratchbox=\box37
\nofMPsegments=\count162
\nofMParguments=\count163
\everyMPshowfont=\toks33
\MPscratchCnt=\count164
\MPscratchDim=\dimen176
\MPnumerator=\count165
\makeMPintoPDFobject=\count166
\everyMPtoPDFconversion=\toks34
)
Preview: Fontsize 10pt
Preview: PDFoutput 1
(/usr/local/texlive/2014/texmf-dist/tex/latex/ms/ragged2e.sty
Package: ragged2e 2009/05/21 v2.1 ragged2e Package (MS)

(/usr/local/texlive/2014/texmf-dist/tex/latex/ms/everysel.sty
Package: everysel 2011/10/28 v1.2 EverySelectfont Package (MS)

ABD: EverySelectfont initializing macros
LaTeX Info: Redefining \selectfont on input line 126.
)
\CenteringLeftskip=\skip83
\RaggedLeftLeftskip=\skip84
\RaggedRightLeftskip=\skip85
\CenteringRightskip=\skip86
\RaggedLeftRightskip=\skip87
\RaggedRightRightskip=\skip88
\CenteringParfillskip=\skip89
\RaggedLeftParfillskip=\skip90
\RaggedRightParfillskip=\skip91
\JustifyingParfillskip=\skip92
\CenteringParindent=\skip93
\RaggedLeftParindent=\skip94
\RaggedRightParindent=\skip95
\JustifyingParindent=\skip96
)
LaTeX Font Info:    Font shape `OT1/ptm/bx/n' in size <14.4> not available
(Font)              Font shape `OT1/ptm/b/n' tried instead on input line 33.
LaTeX Font Info:    Try loading font information for OT1+ptmcm on input line 33
.

(/usr/local/texlive/2014/texmf-dist/tex/latex/psnfss/ot1ptmcm.fd
File: ot1ptmcm.fd 2000/01/03 Fontinst v1.801 font definitions for OT1/ptmcm.
)
LaTeX Font Info:    Try loading font information for OML+ptmcm on input line 33
.

(/usr/local/texlive/2014/texmf-dist/tex/latex/psnfss/omlptmcm.fd
File: omlptmcm.fd 2000/01/03 Fontinst v1.801 font definitions for OML/ptmcm.
)
LaTeX Font Info:    Try loading font information for OMX+psycm on input line 33
.

(/usr/local/texlive/2014/texmf-dist/tex/latex/psnfss/omxpsycm.fd
File: omxpsycm.fd 2000/01/03 Fontinst v1.801 font definitions for OMX/psycm.
)
LaTeX Font Info:    Font shape `OT1/ptm/bx/n' in size <10> not available
(Font)              Font shape `OT1/ptm/b/n' tried instead on input line 33.
LaTeX Font Info:    Font shape `OT1/ptm/bx/n' in size <7.4> not available
(Font)              Font shape `OT1/ptm/b/n' tried instead on input line 33.
LaTeX Font Info:    Font shape `OT1/ptm/bx/n' in size <6> not available
(Font)              Font shape `OT1/ptm/b/n' tried instead on input line 33.
LaTeX Font Info:    Font shape `OT1/ptm/bx/n' in size <10.95> not available
(Font)              Font shape `OT1/ptm/b/n' tried instead on input line 33.
LaTeX Font Info:    Font shape `OT1/ptm/bx/n' in size <9> not available
(Font)              Font shape `OT1/ptm/b/n' tried instead on input line 39.
LaTeX Font Info:    Font shape `OT1/ptm/bx/n' in size <12> not available
(Font)              Font shape `OT1/ptm/b/n' tried instead on input line 43.
 [1{/usr/local/texlive/2014/texmf-var/fonts/map/pdftex/updmap/pdftex.map}



Non-PDF special ignored!
Non-PDF special ignored!
Non-PDF special ignored!

] <corpus-hist.pdf, id=10, 504.62206pt x 476.72844pt>
File: corpus-hist.pdf Graphic file (type pdf)

<use corpus-hist.pdf>
Package pdftex.def Info: corpus-hist.pdf used on input line 63.
(pdftex.def)             Requested size: 151.38777pt x 143.01962pt.

Underfull \hbox (badness 5022) in paragraph at lines 71--72
\OT1/ptm/m/n/10 We ex-tracted all \OT1/ptm/m/it/10 Noun-and-Noun \OT1/ptm/m/n/1
0 bi-no-mi-als from the
 []


Underfull \hbox (badness 1038) in paragraph at lines 83--84
   [] \OT1/ptm/b/n/10 Per-cep-tual marked-ness[] \OT1/ptm/m/n/10 El-e-ments tha
t are more closely
 []

[2 <./corpus-hist.pdf>]
Underfull \hbox (badness 10000) in paragraph at lines 125--125
[]\OT1/ptm/m/n/10 Logistic
 []

<model-logistic.pdf, id=80, 578.16pt x 433.62pt>
File: model-logistic.pdf Graphic file (type pdf)
 <use model-logistic.pdf>
Package pdftex.def Info: model-logistic.pdf used on input line 125.
(pdftex.def)             Requested size: 202.35902pt x 151.76927pt.
File: model-logistic.pdf Graphic file (type pdf)

<use model-logistic.pdf>
Package pdftex.def Info: model-logistic.pdf used on input line 125.
(pdftex.def)             Requested size: 202.35902pt x 151.76927pt.
 <logistic-scatter.pdf, id=81, 505.89pt x 505.89pt>
File: logistic-scatter.pdf Graphic file (type pdf)

<use logistic-scatter.pdf>
Package pdftex.def Info: logistic-scatter.pdf used on input line 125.
(pdftex.def)             Requested size: 101.1762pt x 101.1762pt.
File: logistic-scatter.pdf Graphic file (type pdf)
 <use logistic-scatter.pdf>
Package pdftex.def Info: logistic-scatter.pdf used on input line 125.
(pdftex.def)             Requested size: 101.1762pt x 101.1762pt.

<logistic-hist.pdf, id=82, 505.89pt x 505.89pt>
File: logistic-hist.pdf Graphic file (type pdf)
 <use logistic-hist.pdf>
Package pdftex.def Info: logistic-hist.pdf used on input line 125.
(pdftex.def)             Requested size: 101.1762pt x 101.1762pt.
File: logistic-hist.pdf Graphic file (type pdf)

<use logistic-hist.pdf>
Package pdftex.def Info: logistic-hist.pdf used on input line 125.
(pdftex.def)             Requested size: 101.1762pt x 101.1762pt.

Underfull \hbox (badness 10000) in paragraph at lines 126--126
[]\OT1/ptm/m/n/10 Mixed-
 []


Underfull \hbox (badness 10000) in paragraph at lines 126--126
\OT1/ptm/m/n/10 effects
 []


Underfull \hbox (badness 10000) in paragraph at lines 126--126
\OT1/ptm/m/n/10 re-gres-sion
 []


Underfull \hbox (badness 1132) in paragraph at lines 126--126
\OT1/ptm/m/n/10 with ran-dom
 []

<model-random.pdf, id=83, 578.16pt x 433.62pt>
File: model-random.pdf Graphic file (type pdf)
 <use model-random.pdf>
Package pdftex.def Info: model-random.pdf used on input line 126.
(pdftex.def)             Requested size: 202.35902pt x 151.76927pt.
File: model-random.pdf Graphic file (type pdf)

<use model-random.pdf>
Package pdftex.def Info: model-random.pdf used on input line 126.
(pdftex.def)             Requested size: 202.35902pt x 151.76927pt.
 <random-scatter.pdf, id=84, 505.89pt x 505.89pt>
File: random-scatter.pdf Graphic file (type pdf)

<use random-scatter.pdf>
Package pdftex.def Info: random-scatter.pdf used on input line 126.
(pdftex.def)             Requested size: 101.1762pt x 101.1762pt.
File: random-scatter.pdf Graphic file (type pdf)
 <use random-scatter.pdf>
Package pdftex.def Info: random-scatter.pdf used on input line 126.
(pdftex.def)             Requested size: 101.1762pt x 101.1762pt.

<random-hist.pdf, id=85, 505.89pt x 505.89pt>
File: random-hist.pdf Graphic file (type pdf)
 <use random-hist.pdf>
Package pdftex.def Info: random-hist.pdf used on input line 126.
(pdftex.def)             Requested size: 101.1762pt x 101.1762pt.
File: random-hist.pdf Graphic file (type pdf)

<use random-hist.pdf>
Package pdftex.def Info: random-hist.pdf used on input line 126.
(pdftex.def)             Requested size: 101.1762pt x 101.1762pt.

Underfull \hbox (badness 10000) in paragraph at lines 127--127
[]\OT1/ptm/m/n/10 Beta-
 []


Underfull \hbox (badness 10000) in paragraph at lines 127--127
\OT1/ptm/m/n/10 binomial
 []

<model-betabin.pdf, id=86, 578.16pt x 433.62pt>
File: model-betabin.pdf Graphic file (type pdf)
 <use model-betabin.pdf>
Package pdftex.def Info: model-betabin.pdf used on input line 127.
(pdftex.def)             Requested size: 202.35902pt x 151.76927pt.
File: model-betabin.pdf Graphic file (type pdf)

<use model-betabin.pdf>
Package pdftex.def Info: model-betabin.pdf used on input line 127.
(pdftex.def)             Requested size: 202.35902pt x 151.76927pt.
 <betabin-scatter.pdf, id=87, 505.89pt x 505.89pt>
File: betabin-scatter.pdf Graphic file (type pdf)

<use betabin-scatter.pdf>
Package pdftex.def Info: betabin-scatter.pdf used on input line 127.
(pdftex.def)             Requested size: 101.1762pt x 101.1762pt.
File: betabin-scatter.pdf Graphic file (type pdf)
 <use betabin-scatter.pdf>
Package pdftex.def Info: betabin-scatter.pdf used on input line 127.
(pdftex.def)             Requested size: 101.1762pt x 101.1762pt.

<betabin-hist.pdf, id=88, 505.89pt x 505.89pt>
File: betabin-hist.pdf Graphic file (type pdf)
 <use betabin-hist.pdf>
Package pdftex.def Info: betabin-hist.pdf used on input line 127.
(pdftex.def)             Requested size: 101.1762pt x 101.1762pt.
File: betabin-hist.pdf Graphic file (type pdf)

<use betabin-hist.pdf>
Package pdftex.def Info: betabin-hist.pdf used on input line 127.
(pdftex.def)             Requested size: 101.1762pt x 101.1762pt.

Underfull \hbox (badness 10000) in paragraph at lines 128--128
[]\OT1/ptm/m/n/10 Beta-
 []


Underfull \hbox (badness 10000) in paragraph at lines 128--128
\OT1/ptm/m/n/10 binomial
 []


Underfull \hbox (badness 10000) in paragraph at lines 128--128
\OT1/ptm/m/n/10 model with
 []

<model-betabin-nu.pdf, id=89, 578.16pt x 433.62pt>
File: model-betabin-nu.pdf Graphic file (type pdf)
 <use model-betabin-nu.pdf>
Package pdftex.def Info: model-betabin-nu.pdf used on input line 128.
(pdftex.def)             Requested size: 202.35902pt x 151.76927pt.
File: model-betabin-nu.pdf Graphic file (type pdf)

<use model-betabin-nu.pdf>
Package pdftex.def Info: model-betabin-nu.pdf used on input line 128.
(pdftex.def)             Requested size: 202.35902pt x 151.76927pt.

<betabin-nu-scatter.pdf, id=90, 505.89pt x 505.89pt>
File: betabin-nu-scatter.pdf Graphic file (type pdf)

<use betabin-nu-scatter.pdf>
Package pdftex.def Info: betabin-nu-scatter.pdf used on input line 128.
(pdftex.def)             Requested size: 101.1762pt x 101.1762pt.
File: betabin-nu-scatter.pdf Graphic file (type pdf)
 <use betabin-nu-scatter.pdf>
Package pdftex.def Info: betabin-nu-scatter.pdf used on input line 128.
(pdftex.def)             Requested size: 101.1762pt x 101.1762pt.

<betabin-nu-hist.pdf, id=91, 505.89pt x 505.89pt>
File: betabin-nu-hist.pdf Graphic file (type pdf)
 <use betabin-nu-hist.pdf>
Package pdftex.def Info: betabin-nu-hist.pdf used on input line 128.
(pdftex.def)             Requested size: 101.1762pt x 101.1762pt.
File: betabin-nu-hist.pdf Graphic file (type pdf)

<use betabin-nu-hist.pdf>
Package pdftex.def Info: betabin-nu-hist.pdf used on input line 128.
(pdftex.def)             Requested size: 101.1762pt x 101.1762pt.

Overfull \hbox (1.02396pt too wide) in paragraph at lines 124--131
[][] 
 []

LaTeX Font Info:    Font shape `OT1/ptm/bx/n' in size <7> not available
(Font)              Font shape `OT1/ptm/b/n' tried instead on input line 175.
LaTeX Font Info:    Font shape `OT1/ptm/bx/n' in size <5> not available
(Font)              Font shape `OT1/ptm/b/n' tried instead on input line 175.
<morgan_cogsci2015-final-pics.pdf, id=92, page=1, 147.55125pt x 301.125pt>
File: morgan_cogsci2015-final-pics.pdf Graphic file (type pdf)

<use morgan_cogsci2015-final-pics.pdf, page 1>
Package pdftex.def Info: morgan_cogsci2015-final-pics.pdf, page1 used on input 
line 255.
(pdftex.def)             Requested size: 147.55087pt x 301.12425pt.
 [3]
<morgan_cogsci2015-final-pics.pdf, id=96, page=2, 203.76125pt x 288.07625pt>
File: morgan_cogsci2015-final-pics.pdf Graphic file (type pdf)

<use morgan_cogsci2015-final-pics.pdf, page 2>
Package pdftex.def Info: morgan_cogsci2015-final-pics.pdf, page2 used on input 
line 355.
(pdftex.def)             Requested size: 203.76074pt x 288.07553pt.

<nu.pdf, id=97, 505.89pt x 505.89pt>
File: nu.pdf Graphic file (type pdf)
 <use nu.pdf>
Package pdftex.def Info: nu.pdf used on input line 370.
(pdftex.def)             Requested size: 101.1762pt x 101.1762pt.

<nu-splines.pdf, id=98, 505.89pt x 505.89pt>
File: nu-splines.pdf Graphic file (type pdf)
 <use nu-splines.pdf>
Package pdftex.def Info: nu-splines.pdf used on input line 370.
(pdftex.def)             Requested size: 101.1762pt x 101.1762pt.


LaTeX Warning: `h' float specifier changed to `ht'.

[4 <./morgan_cogsci2015-final-pics.pdf> <./morgan_cogsci2015-final-pics.pdf> <.
/nu.pdf> <./nu-splines.pdf>] (./morgan_cogsci2015-final.bbl) [5] [6 <./model-lo
gistic.pdf> <./logistic-scatter.pdf> <./logistic-hist.pdf> <./model-random.pdf>
 <./random-scatter.pdf> <./random-hist.pdf> <./model-betabin.pdf> <./betabin-sc
atter.pdf> <./betabin-hist.pdf> <./model-betabin-nu.pdf> <./betabin-nu-scatter.
pdf> <./betabin-nu-hist.pdf>] (./morgan_cogsci2015-final.aux) ) 
Here is how much of TeX's memory you used:
 8948 strings out of 493109
 136411 string characters out of 6135004
 291773 words of memory out of 5000000
 12140 multiletter control sequences out of 15000+600000
 42363 words of font info for 82 fonts, out of 8000000 for 9000
 1141 hyphenation exceptions out of 8191
 58i,20n,58p,1828b,496s stack positions out of 5000i,500n,10000p,200000b,80000s
{/usr/local/texl
ive/2014/texmf-dist/fonts/enc/dvips/base/8r.enc}</usr/local/texlive/2014/texmf-
dist/fonts/type1/public/amsfonts/cm/cmmi10.pfb></usr/local/texlive/2014/texmf-d
ist/fonts/type1/public/amsfonts/cm/cmr10.pfb></usr/local/texlive/2014/texmf-dis
t/fonts/type1/public/amsfonts/cm/cmsy10.pfb></usr/local/texlive/2014/texmf-dist
/fonts/type1/urw/courier/ucrr8a.pfb></usr/local/texlive/2014/texmf-dist/fonts/t
ype1/urw/symbol/usyr.pfb></usr/local/texlive/2014/texmf-dist/fonts/type1/urw/ti
mes/utmb8a.pfb></usr/local/texlive/2014/texmf-dist/fonts/type1/urw/times/utmr8a
.pfb></usr/local/texlive/2014/texmf-dist/fonts/type1/urw/times/utmri8a.pfb>
Output written on morgan_cogsci2015-final.pdf (6 pages, 1289153 bytes).
PDF statistics:
 850 PDF objects out of 1000 (max. 8388607)
 631 compressed objects within 7 object streams
 0 named destinations out of 1000 (max. 500000)
 91 words of extra memory for PDF output out of 10000 (max. 10000000)

